Line 819: Class MSAdodcLib.Adodc of control Adodc1 was not a loaded control class.
Line 825: The property name _ExtentX in Adodc1 is invalid.
Line 826: The property name _ExtentY in Adodc1 is invalid.
Line 827: The property name ConnectMode in Adodc1 is invalid.
Line 828: The property name CursorLocation in Adodc1 is invalid.
Line 829: The property name IsolationLevel in Adodc1 is invalid.
Line 830: The property name ConnectionTimeout in Adodc1 is invalid.
Line 831: The property name CommandTimeout in Adodc1 is invalid.
Line 832: The property name CursorType in Adodc1 is invalid.
Line 833: The property name LockType in Adodc1 is invalid.
Line 834: The property name CommandType in Adodc1 is invalid.
Line 835: The property name CursorOptions in Adodc1 is invalid.
Line 836: The property name CacheSize in Adodc1 is invalid.
Line 837: The property name MaxRecords in Adodc1 is invalid.
Line 838: The property name BOFAction in Adodc1 is invalid.
Line 839: The property name EOFAction in Adodc1 is invalid.
Line 840: The property name ConnectStringType in Adodc1 is invalid.
Line 844: The property name Orientation in Adodc1 is invalid.
Line 846: The property name Connect in Adodc1 is invalid.
Line 847: The property name OLEDBString in Adodc1 is invalid.
Line 848: The property name OLEDBFile in Adodc1 is invalid.
Line 849: The property name DataSourceName in Adodc1 is invalid.
Line 850: The property name OtherAttributes in Adodc1 is invalid.
Line 851: The property name UserName in Adodc1 is invalid.
Line 852: The property name Password in Adodc1 is invalid.
Line 853: The property name RecordSource in Adodc1 is invalid.
Line 854: The property name Caption in Adodc1 is invalid.
Line 864: The property name _Version in Adodc1 is invalid.
